mode: atomic
lab.dev.vm.co.mz/compse/sandman/internal/adapters/application/app.go:15.62,17.2 1 3
lab.dev.vm.co.mz/compse/sandman/internal/adapters/application/app.go:18.65,20.16 2 3
lab.dev.vm.co.mz/compse/sandman/internal/adapters/application/app.go:23.2,24.16 2 2
lab.dev.vm.co.mz/compse/sandman/internal/adapters/application/app.go:28.2,28.12 1 1
lab.dev.vm.co.mz/compse/sandman/internal/adapters/application/app.go:20.16,22.3 1 1
lab.dev.vm.co.mz/compse/sandman/internal/adapters/application/app.go:24.16,26.3 1 1
lab.dev.vm.co.mz/compse/sandman/internal/adapters/application/app.go:31.75,34.16 3 3
lab.dev.vm.co.mz/compse/sandman/internal/adapters/application/app.go:39.2,39.18 1 2
lab.dev.vm.co.mz/compse/sandman/internal/adapters/application/app.go:34.16,37.3 2 1
lab.dev.vm.co.mz/compse/sandman/internal/adapters/framework/primary/sqs/poller.go:23.129,33.2 2 4
lab.dev.vm.co.mz/compse/sandman/internal/adapters/framework/primary/sqs/poller.go:34.60,36.6 1 2
lab.dev.vm.co.mz/compse/sandman/internal/adapters/framework/primary/sqs/poller.go:36.6,43.17 2 23532
lab.dev.vm.co.mz/compse/sandman/internal/adapters/framework/primary/sqs/poller.go:47.3,47.43 1 23530
lab.dev.vm.co.mz/compse/sandman/internal/adapters/framework/primary/sqs/poller.go:43.17,45.4 1 0
lab.dev.vm.co.mz/compse/sandman/internal/adapters/framework/primary/sqs/poller.go:47.43,49.4 1 2
lab.dev.vm.co.mz/compse/sandman/internal/adapters/framework/primary/sqs/poller.go:55.60,59.16 3 1
lab.dev.vm.co.mz/compse/sandman/internal/adapters/framework/primary/sqs/poller.go:63.2,63.12 1 1
lab.dev.vm.co.mz/compse/sandman/internal/adapters/framework/primary/sqs/poller.go:59.16,62.3 2 0
lab.dev.vm.co.mz/compse/sandman/internal/adapters/framework/primary/sqs/poller.go:66.54,72.16 2 1
lab.dev.vm.co.mz/compse/sandman/internal/adapters/framework/primary/sqs/poller.go:75.2,75.52 1 0
lab.dev.vm.co.mz/compse/sandman/internal/adapters/framework/primary/sqs/poller.go:72.16,74.3 1 1
lab.dev.vm.co.mz/compse/sandman/internal/adapters/framework/primary/sqs/poller.go:78.66,82.2 1 2
lab.dev.vm.co.mz/compse/sandman/internal/adapters/framework/primary/sqs/poller.go:84.70,86.35 2 1
lab.dev.vm.co.mz/compse/sandman/internal/adapters/framework/primary/sqs/poller.go:101.2,101.11 1 0
lab.dev.vm.co.mz/compse/sandman/internal/adapters/framework/primary/sqs/poller.go:86.35,90.10 3 0
lab.dev.vm.co.mz/compse/sandman/internal/adapters/framework/primary/sqs/poller.go:90.10,94.18 3 0
lab.dev.vm.co.mz/compse/sandman/internal/adapters/framework/primary/sqs/poller.go:98.4,98.27 1 0
lab.dev.vm.co.mz/compse/sandman/internal/adapters/framework/primary/sqs/poller.go:94.18,96.5 1 0
lab.dev.vm.co.mz/compse/sandman/internal/adapters/framework/primary/sqs/server.go:3.28,6.16 2 0
lab.dev.vm.co.mz/compse/sandman/internal/adapters/framework/primary/sqs/server.go:6.16,8.3 1 0
lab.dev.vm.co.mz/compse/sandman/internal/adapters/framework/secundary/http/compose.go:15.45,21.2 3 6
lab.dev.vm.co.mz/compse/sandman/internal/adapters/framework/secundary/http/compose.go:23.29,27.33 3 6
lab.dev.vm.co.mz/compse/sandman/internal/adapters/framework/secundary/http/compose.go:27.33,29.3 1 4
lab.dev.vm.co.mz/compse/sandman/internal/adapters/framework/secundary/http/compose.go:32.37,34.53 2 4
lab.dev.vm.co.mz/compse/sandman/internal/adapters/framework/secundary/http/compose.go:46.2,46.36 1 4
lab.dev.vm.co.mz/compse/sandman/internal/adapters/framework/secundary/http/compose.go:34.53,37.45 3 5
lab.dev.vm.co.mz/compse/sandman/internal/adapters/framework/secundary/http/compose.go:43.3,43.68 1 1
lab.dev.vm.co.mz/compse/sandman/internal/adapters/framework/secundary/http/compose.go:37.45,41.12 2 4
lab.dev.vm.co.mz/compse/sandman/internal/adapters/framework/secundary/http/compose.go:49.47,68.2 18 6
lab.dev.vm.co.mz/compse/sandman/internal/adapters/framework/secundary/http/compose.go:70.72,91.2 20 5
lab.dev.vm.co.mz/compse/sandman/internal/adapters/framework/secundary/http/error.go:8.39,10.2 1 1
lab.dev.vm.co.mz/compse/sandman/internal/adapters/framework/secundary/http/execute.go:23.157,31.2 2 5
lab.dev.vm.co.mz/compse/sandman/internal/adapters/framework/secundary/http/execute.go:33.86,36.16 3 3
lab.dev.vm.co.mz/compse/sandman/internal/adapters/framework/secundary/http/execute.go:39.2,39.33 1 3
lab.dev.vm.co.mz/compse/sandman/internal/adapters/framework/secundary/http/execute.go:45.2,45.13 1 3
lab.dev.vm.co.mz/compse/sandman/internal/adapters/framework/secundary/http/execute.go:36.16,38.3 1 0
lab.dev.vm.co.mz/compse/sandman/internal/adapters/framework/secundary/http/execute.go:39.33,41.17 2 3
lab.dev.vm.co.mz/compse/sandman/internal/adapters/framework/secundary/http/execute.go:41.17,43.4 1 0
lab.dev.vm.co.mz/compse/sandman/internal/adapters/framework/secundary/http/execute.go:48.105,50.38 2 5
lab.dev.vm.co.mz/compse/sandman/internal/adapters/framework/secundary/http/execute.go:63.2,63.13 1 5
lab.dev.vm.co.mz/compse/sandman/internal/adapters/framework/secundary/http/execute.go:50.38,53.37 3 2
lab.dev.vm.co.mz/compse/sandman/internal/adapters/framework/secundary/http/execute.go:58.3,60.39 3 1
lab.dev.vm.co.mz/compse/sandman/internal/adapters/framework/secundary/http/execute.go:53.37,56.12 2 1
lab.dev.vm.co.mz/compse/sandman/internal/adapters/framework/secundary/http/execute.go:65.58,73.16 6 5
lab.dev.vm.co.mz/compse/sandman/internal/adapters/framework/secundary/http/execute.go:95.2,97.55 2 2
lab.dev.vm.co.mz/compse/sandman/internal/adapters/framework/secundary/http/execute.go:101.2,102.12 2 2
lab.dev.vm.co.mz/compse/sandman/internal/adapters/framework/secundary/http/execute.go:73.16,76.40 1 3
lab.dev.vm.co.mz/compse/sandman/internal/adapters/framework/secundary/http/execute.go:81.3,81.56 1 2
lab.dev.vm.co.mz/compse/sandman/internal/adapters/framework/secundary/http/execute.go:91.3,92.13 2 1
lab.dev.vm.co.mz/compse/sandman/internal/adapters/framework/secundary/http/execute.go:76.40,79.4 2 1
lab.dev.vm.co.mz/compse/sandman/internal/adapters/framework/secundary/http/execute.go:81.56,89.4 5 1
lab.dev.vm.co.mz/compse/sandman/internal/adapters/framework/secundary/http/execute.go:97.55,99.3 1 1
lab.dev.vm.co.mz/compse/sandman/internal/adapters/framework/secundary/http/execute.go:104.104,128.2 3 3
lab.dev.vm.co.mz/compse/sandman/internal/adapters/framework/secundary/http/execute.go:129.95,132.37 2 2
lab.dev.vm.co.mz/compse/sandman/internal/adapters/framework/secundary/http/execute.go:159.2,159.11 1 2
lab.dev.vm.co.mz/compse/sandman/internal/adapters/framework/secundary/http/execute.go:132.37,136.13 3 3
lab.dev.vm.co.mz/compse/sandman/internal/adapters/framework/secundary/http/execute.go:136.13,142.35 4 3
lab.dev.vm.co.mz/compse/sandman/internal/adapters/framework/secundary/http/execute.go:145.4,147.18 3 3
lab.dev.vm.co.mz/compse/sandman/internal/adapters/framework/secundary/http/execute.go:155.4,155.90 1 0
lab.dev.vm.co.mz/compse/sandman/internal/adapters/framework/secundary/http/execute.go:142.35,144.5 1 0
lab.dev.vm.co.mz/compse/sandman/internal/adapters/framework/secundary/http/execute.go:147.18,154.5 3 3
lab.dev.vm.co.mz/compse/sandman/internal/adapters/framework/secundary/http/execute.go:162.107,173.16 4 8
lab.dev.vm.co.mz/compse/sandman/internal/adapters/framework/secundary/http/execute.go:177.2,178.40 2 8
lab.dev.vm.co.mz/compse/sandman/internal/adapters/framework/secundary/http/execute.go:192.2,199.21 5 5
lab.dev.vm.co.mz/compse/sandman/internal/adapters/framework/secundary/http/execute.go:173.16,176.3 2 0
lab.dev.vm.co.mz/compse/sandman/internal/adapters/framework/secundary/http/execute.go:178.40,183.17 3 8
lab.dev.vm.co.mz/compse/sandman/internal/adapters/framework/secundary/http/execute.go:187.3,187.54 1 7
lab.dev.vm.co.mz/compse/sandman/internal/adapters/framework/secundary/http/execute.go:183.17,186.4 2 1
lab.dev.vm.co.mz/compse/sandman/internal/adapters/framework/secundary/http/execute.go:187.54,190.4 2 2
lab.dev.vm.co.mz/compse/sandman/internal/adapters/framework/secundary/http/logger.go:23.26,25.2 1 1
lab.dev.vm.co.mz/compse/sandman/internal/adapters/framework/secundary/http/logger.go:27.76,34.2 5 10
lab.dev.vm.co.mz/compse/sandman/internal/adapters/framework/secundary/http/logger.go:36.55,49.21 13 11
lab.dev.vm.co.mz/compse/sandman/internal/adapters/framework/secundary/http/logger.go:49.21,51.3 1 4
lab.dev.vm.co.mz/compse/sandman/internal/adapters/framework/secundary/http/request.go:8.136,11.16 2 12
lab.dev.vm.co.mz/compse/sandman/internal/adapters/framework/secundary/http/request.go:15.2,17.16 3 11
lab.dev.vm.co.mz/compse/sandman/internal/adapters/framework/secundary/http/request.go:22.2,22.22 1 9
lab.dev.vm.co.mz/compse/sandman/internal/adapters/framework/secundary/http/request.go:11.16,14.3 1 1
lab.dev.vm.co.mz/compse/sandman/internal/adapters/framework/secundary/http/request.go:17.16,20.3 1 2
lab.dev.vm.co.mz/compse/sandman/internal/adapters/framework/secundary/sqs/outbound.go:19.90,26.2 1 1
lab.dev.vm.co.mz/compse/sandman/internal/adapters/framework/secundary/sqs/outbound.go:27.57,29.16 2 1
lab.dev.vm.co.mz/compse/sandman/internal/adapters/framework/secundary/sqs/outbound.go:32.2,52.16 3 1
lab.dev.vm.co.mz/compse/sandman/internal/adapters/framework/secundary/sqs/outbound.go:57.2,58.12 2 1
lab.dev.vm.co.mz/compse/sandman/internal/adapters/framework/secundary/sqs/outbound.go:29.16,31.3 1 0
lab.dev.vm.co.mz/compse/sandman/internal/adapters/framework/secundary/sqs/outbound.go:52.16,56.3 2 0
lab.dev.vm.co.mz/compse/sandman/internal/adapters/framework/secundary/sqs/outbound.go:61.68,63.16 2 2
lab.dev.vm.co.mz/compse/sandman/internal/adapters/framework/secundary/sqs/outbound.go:67.2,67.26 1 2
lab.dev.vm.co.mz/compse/sandman/internal/adapters/framework/secundary/sqs/outbound.go:63.16,66.3 2 0
